# JRE version: OpenJDK Runtime Environment (11.0.8+10) (build 11.0.8+10-post-Ubuntu-0ubuntu118.04.1)
# Java VM: OpenJDK 64-Bit Server VM (11.0.8+10-post-Ubuntu-0ubuntu118.04.1, mixed mode, sharing, tiered, compressed oops, serial gc, linux-amd64)
Heap:
 def new generation   total 2432K, used 1032K [0x00000000f8000000, 0x00000000f82a0000, 0x00000000faaa0000)
  eden space 2176K,  46% used [0x00000000f8000000, 0x00000000f80fd8f0, 0x00000000f8220000)
  from space 256K,   7% used [0x00000000f8260000, 0x00000000f8264a48, 0x00000000f82a0000)
  to   space 256K,   0% used [0x00000000f8220000, 0x00000000f8220000, 0x00000000f8260000)
 tenured generation   total 5504K, used 2493K [0x00000000faaa0000, 0x00000000fb000000, 0x0000000100000000)
   the space 5504K,  45% used [0x00000000faaa0000, 0x00000000fad0f4d8, 0x00000000fad0f600, 0x00000000fb000000)
 Metaspace       used 10411K, capacity 10880K, committed 11136K, reserved 1058816K
  class space    used 1143K, capacity 1389K, committed 1408K, reserved 1048576K
GC Heap History (20 events):
Event: 131.156 GC heap before
{Heap before GC invocations=5 (full 0):
 def new generation   total 2432K, used 2396K [0x00000000f8000000, 0x00000000f82a0000, 0x00000000faaa0000)
  eden space 2176K, 100% used [0x00000000f8000000, 0x00000000f8220000, 0x00000000f8220000)
  from space 256K,  86% used [0x00000000f8260000, 0x00000000f8297330, 0x00000000f82a0000)
  to   space 256K,   0% used [0x00000000f8220000, 0x00000000f8220000, 0x00000000f8260000)
 tenured generation   total 5504K, used 2173K [0x00000000faaa0000, 0x00000000fb000000, 0x0000000100000000)
   the space 5504K,  39% used [0x00000000faaa0000, 0x00000000facbf680, 0x00000000facbf800, 0x00000000fb000000)
 Metaspace       used 10151K, capacity 10624K, committed 10880K, reserved 1058816K
  class space    used 1142K, capacity 1389K, committed 1408K, reserved 1048576K
}
Event: 131.159 GC heap after
{Heap after GC invocations=6 (full 0):
 def new generation   total 2432K, used 123K [0x00000000f8000000, 0x00000000f82a0000, 0x00000000faaa0000)
  eden space 2176K,   0% used [0x00000000f8000000, 0x00000000f8000000, 0x00000000f8220000)
  from space 256K,  48% used [0x00000000f8220000, 0x00000000f823eff8, 0x00000000f8260000)
  to   space 256K,   0% used [0x00000000f8260000, 0x00000000f8260000, 0x00000000f82a0000)
 tenured generation   total 5504K, used 2372K [0x00000000faaa0000, 0x00000000fb000000, 0x0000000100000000)
   the space 5504K,  43% used [0x00000000faaa0000, 0x00000000facf1348, 0x00000000facf1400, 0x00000000fb000000)
 Metaspace       used 10151K, capacity 10624K, committed 10880K, reserved 1058816K
  class space    used 1142K, capacity 1389K, committed 1408K, reserved 1048576K
}
Event: 289.351 GC heap before
{Heap before GC invocations=6 (full 0):
 def new generation   total 2432K, used 2299K [0x00000000f8000000, 0x00000000f82a0000, 0x00000000faaa0000)
  eden space 2176K, 100% used [0x00000000f8000000, 0x00000000f8220000, 0x00000000f8220000)
  from space 256K,  48% used [0x00000000f8220000, 0x00000000f823eff8, 0x00000000f8260000)
  to   space 256K,   0% used [0x00000000f8260000, 0x00000000f8260000, 0x00000000f82a0000)
 tenured generation   total 5504K, used 2372K [0x00000000faaa0000, 0x00000000fb000000, 0x0000000100000000)
   the space 5504K,  43% used [0x00000000faaa0000, 0x00000000facf1348, 0x00000000facf1400, 0x00000000fb000000)
 Metaspace       used 10350K, capacity 10816K, committed 11136K, reserved 1058816K
  class space    used 1142K, capacity 1389K, committed 1408K, reserved 1048576K
}
Event: 289.352 GC heap after
{Heap after GC invocations=7 (full 0):
 def new generation   total 2432K, used 126K [0x00000000f8000000, 0x00000000f82a0000, 0x00000000faaa0000)
  eden space 2176K,   0% used [0x00000000f8000000, 0x00000000f8000000, 0x00000000f8220000)
  from space 256K,  49% used [0x00000000f8260000, 0x00000000f827fac8, 0x00000000f82a0000)
  to   space 256K,   0% used [0x00000000f8220000, 0x00000000f8220000, 0x00000000f8260000)
 tenured generation   total 5504K, used 2372K [0x00000000faaa0000, 0x00000000fb000000, 0x0000000100000000)
   the space 5504K,  43% used [0x00000000faaa0000, 0x00000000facf1348, 0x00000000facf1400, 0x00000000fb000000)
 Metaspace       used 10350K, capacity 10816K, committed 11136K, reserved 1058816K
  class space    used 1142K, capacity 1389K, committed 1408K, reserved 1048576K
}
Event: 447.988 GC heap before
{Heap before GC invocations=7 (full 0):
 def new generation   total 2432K, used 2302K [0x00000000f8000000, 0x00000000f82a0000, 0x00000000faaa0000)
  eden space 2176K, 100% used [0x00000000f8000000, 0x00000000f8220000, 0x00000000f8220000)
  from space 256K,  49% used [0x00000000f8260000, 0x00000000f827fac8, 0x00000000f82a0000)
  to   space 256K,   0% used [0x00000000f8220000, 0x00000000f8220000, 0x00000000f8260000)
 tenured generation   total 5504K, used 2372K [0x00000000faaa0000, 0x00000000fb000000, 0x0000000100000000)
   the space 5504K,  43% used [0x00000000faaa0000, 0x00000000facf1348, 0x00000000facf1400, 0x00000000fb000000)
 Metaspace       used 10373K, capacity 10880K, committed 11136K, reserved 1058816K
  class space    used 1142K, capacity 1389K, committed 1408K, reserved 1048576K
}
Event: 447.990 GC heap after
{Heap after GC invocations=8 (full 0):
 def new generation   total 2432K, used 128K [0x00000000f8000000, 0x00000000f82a0000, 0x00000000faaa0000)
  eden space 2176K,   0% used [0x00000000f8000000, 0x00000000f8000000, 0x00000000f8220000)
  from space 256K,  50% used [0x00000000f8220000, 0x00000000f82402b0, 0x00000000f8260000)
  to   space 256K,   0% used [0x00000000f8260000, 0x00000000f8260000, 0x00000000f82a0000)
 tenured generation   total 5504K, used 2372K [0x00000000faaa0000, 0x00000000fb000000, 0x0000000100000000)
   the space 5504K,  43% used [0x00000000faaa0000, 0x00000000facf1348, 0x00000000facf1400, 0x00000000fb000000)
 Metaspace       used 10373K, capacity 10880K, committed 11136K, reserved 1058816K
  class space    used 1142K, capacity 1389K, committed 1408K, reserved 1048576K
}
Event: 607.079 GC heap before
{Heap before GC invocations=8 (full 0):
 def new generation   total 2432K, used 2304K [0x00000000f8000000, 0x00000000f82a0000, 0x00000000faaa0000)
  eden space 2176K, 100% used [0x00000000f8000000, 0x00000000f8220000, 0x00000000f8220000)
  from space 256K,  50% used [0x00000000f8220000, 0x00000000f82402b0, 0x00000000f8260000)
  to   space 256K,   0% used [0x00000000f8260000, 0x00000000f8260000, 0x00000000f82a0000)
 tenured generation   total 5504K, used 2372K [0x00000000faaa0000, 0x00000000fb000000, 0x0000000100000000)
   the space 5504K,  43% used [0x00000000faaa0000, 0x00000000facf1348, 0x00000000facf1400, 0x00000000fb000000)
 Metaspace       used 10374K, capacity 10880K, committed 11136K, reserved 1058816K
  class space    used 1142K, capacity 1389K, committed 1408K, reserved 1048576K
}
Event: 607.080 GC heap after
{Heap after GC invocations=9 (full 0):
 def new generation   total 2432K, used 8K [0x00000000f8000000, 0x00000000f82a0000, 0x00000000faaa0000)
  eden space 2176K,   0% used [0x00000000f8000000, 0x00000000f8000000, 0x00000000f8220000)
  from space 256K,   3% used [0x00000000f8260000, 0x00000000f82620f0, 0x00000000f82a0000)
  to   space 256K,   0% used [0x00000000f8220000, 0x00000000f8220000, 0x00000000f8260000)
 tenured generation   total 5504K, used 2493K [0x00000000faaa0000, 0x00000000fb000000, 0x0000000100000000)
   the space 5504K,  45% used [0x00000000faaa0000, 0x00000000fad0f4d8, 0x00000000fad0f600, 0x00000000fb000000)
 Metaspace       used 10374K, capacity 10880K, committed 11136K, reserved 1058816K
  class space    used 1142K, capacity 1389K, committed 1408K, reserved 1048576K
}
Event: 765.195 GC heap before
{Heap before GC invocations=9 (full 0):
 def new generation   total 2432K, used 2184K [0x00000000f8000000, 0x00000000f82a0000, 0x00000000faaa0000)
  eden space 2176K, 100% used [0x00000000f8000000, 0x00000000f8220000, 0x00000000f8220000)
  from space 256K,   3% used [0x00000000f8260000, 0x00000000f82620f0, 0x00000000f82a0000)
  to   space 256K,   0% used [0x00000000f8220000, 0x00000000f8220000, 0x00000000f8260000)
 tenured generation   total 5504K, used 2493K [0x00000000faaa0000, 0x00000000fb000000, 0x0000000100000000)
   the space 5504K,  45% used [0x00000000faaa0000, 0x00000000fad0f4d8, 0x00000000fad0f600, 0x00000000fb000000)
 Metaspace       used 10374K, capacity 10880K, committed 11136K, reserved 1058816K
  class space    used 1142K, capacity 1389K, committed 1408K, reserved 1048576K
}
Event: 765.196 GC heap after
{Heap after GC invocations=10 (full 0):
 def new generation   total 2432K, used 8K [0x00000000f8000000, 0x00000000f82a0000, 0x00000000faaa0000)
  eden space 2176K,   0% used [0x00000000f8000000, 0x00000000f8000000, 0x00000000f8220000)
  from space 256K,   3% used [0x00000000f8220000, 0x00000000f8222238, 0x00000000f8260000)
  to   space 256K,   0% used [0x00000000f8260000, 0x00000000f8260000, 0x00000000f82a0000)
 tenured generation   total 5504K, used 2493K [0x00000000faaa0000, 0x00000000fb000000, 0x0000000100000000)
   the space 5504K,  45% used [0x00000000faaa0000, 0x00000000fad0f4d8, 0x00000000fad0f600, 0x00000000fb000000)
 Metaspace       used 10374K, capacity 10880K, committed 11136K, reserved 1058816K
  class space    used 1142K, capacity 1389K, committed 1408K, reserved 1048576K
}
Event: 923.909 GC heap before
{Heap before GC invocations=10 (full 0):
 def new generation   total 2432K, used 2184K [0x00000000f8000000, 0x00000000f82a0000, 0x00000000faaa0000)
  eden space 2176K, 100% used [0x00000000f8000000, 0x00000000f8220000, 0x00000000f8220000)
  from space 256K,   3% used [0x00000000f8220000, 0x00000000f8222238, 0x00000000f8260000)
  to   space 256K,   0% used [0x00000000f8260000, 0x00000000f8260000, 0x00000000f82a0000)
 tenured generation   total 5504K, used 2493K [0x00000000faaa0000, 0x00000000fb000000, 0x0000000100000000)
   the space 5504K,  45% used [0x00000000faaa0000, 0x00000000fad0f4d8, 0x00000000fad0f600, 0x00000000fb000000)
 Metaspace       used 10375K, capacity 10880K, committed 11136K, reserved 1058816K
  class space    used 1142K, capacity 1389K, committed 1408K, reserved 1048576K
}
Event: 923.910 GC heap after
{Heap after GC invocations=11 (full 0):
 def new generation   total 2432K, used 9K [0x00000000f8000000, 0x00000000f82a0000, 0x00000000faaa0000)
  eden space 2176K,   0% used [0x00000000f8000000, 0x00000000f8000000, 0x00000000f8220000)
  from space 256K,   3% used [0x00000000f8260000, 0x00000000f8262670, 0x00000000f82a0000)
  to   space 256K,   0% used [0x00000000f8220000, 0x00000000f8220000, 0x00000000f8260000)
 tenured generation   total 5504K, used 2493K [0x00000000faaa0000, 0x00000000fb000000, 0x0000000100000000)
   the space 5504K,  45% used [0x00000000faaa0000, 0x00000000fad0f4d8, 0x00000000fad0f600, 0x00000000fb000000)
 Metaspace       used 10375K, capacity 10880K, committed 11136K, reserved 1058816K
  class space    used 1142K, capacity 1389K, committed 1408K, reserved 1048576K
}
Event: 1085.910 GC heap before
{Heap before GC invocations=11 (full 0):
 def new generation   total 2432K, used 2185K [0x00000000f8000000, 0x00000000f82a0000, 0x00000000faaa0000)
  eden space 2176K, 100% used [0x00000000f8000000, 0x00000000f8220000, 0x00000000f8220000)
  from space 256K,   3% used [0x00000000f8260000, 0x00000000f8262670, 0x00000000f82a0000)
  to   space 256K,   0% used [0x00000000f8220000, 0x00000000f8220000, 0x00000000f8260000)
 tenured generation   total 5504K, used 2493K [0x00000000faaa0000, 0x00000000fb000000, 0x0000000100000000)
   the space 5504K,  45% used [0x00000000faaa0000, 0x00000000fad0f4d8, 0x00000000fad0f600, 0x00000000fb000000)
 Metaspace       used 10375K, capacity 10880K, committed 11136K, reserved 1058816K
  class space    used 1142K, capacity 1389K, committed 1408K, reserved 1048576K
}
Event: 1085.911 GC heap after
{Heap after GC invocations=12 (full 0):
 def new generation   total 2432K, used 11K [0x00000000f8000000, 0x00000000f82a0000, 0x00000000faaa0000)
  eden space 2176K,   0% used [0x00000000f8000000, 0x00000000f8000000, 0x00000000f8220000)
  from space 256K,   4% used [0x00000000f8220000, 0x00000000f8222e78, 0x00000000f8260000)
  to   space 256K,   0% used [0x00000000f8260000, 0x00000000f8260000, 0x00000000f82a0000)
 tenured generation   total 5504K, used 2493K [0x00000000faaa0000, 0x00000000fb000000, 0x0000000100000000)
   the space 5504K,  45% used [0x00000000faaa0000, 0x00000000fad0f4d8, 0x00000000fad0f600, 0x00000000fb000000)
 Metaspace       used 10375K, capacity 10880K, committed 11136K, reserved 1058816K
  class space    used 1142K, capacity 1389K, committed 1408K, reserved 1048576K
}
Event: 1248.059 GC heap before
{Heap before GC invocations=12 (full 0):
 def new generation   total 2432K, used 2187K [0x00000000f8000000, 0x00000000f82a0000, 0x00000000faaa0000)
  eden space 2176K, 100% used [0x00000000f8000000, 0x00000000f8220000, 0x00000000f8220000)
  from space 256K,   4% used [0x00000000f8220000, 0x00000000f8222e78, 0x00000000f8260000)
  to   space 256K,   0% used [0x00000000f8260000, 0x00000000f8260000, 0x00000000f82a0000)
 tenured generation   total 5504K, used 2493K [0x00000000faaa0000, 0x00000000fb000000, 0x0000000100000000)
   the space 5504K,  45% used [0x00000000faaa0000, 0x00000000fad0f4d8, 0x00000000fad0f600, 0x00000000fb000000)
 Metaspace       used 10375K, capacity 10880K, committed 11136K, reserved 1058816K
  class space    used 1142K, capacity 1389K, committed 1408K, reserved 1048576K
}
Event: 1248.060 GC heap after
{Heap after GC invocations=13 (full 0):
 def new generation   total 2432K, used 15K [0x00000000f8000000, 0x00000000f82a0000, 0x00000000faaa0000)
  eden space 2176K,   0% used [0x00000000f8000000, 0x00000000f8000000, 0x00000000f8220000)
  from space 256K,   5% used [0x00000000f8260000, 0x00000000f8263cf8, 0x00000000f82a0000)
  to   space 256K,   0% used [0x00000000f8220000, 0x00000000f8220000, 0x00000000f8260000)
 tenured generation   total 5504K, used 2493K [0x00000000faaa0000, 0x00000000fb000000, 0x0000000100000000)
   the space 5504K,  45% used [0x00000000faaa0000, 0x00000000fad0f4d8, 0x00000000fad0f600, 0x00000000fb000000)
 Metaspace       used 10375K, capacity 10880K, committed 11136K, reserved 1058816K
  class space    used 1142K, capacity 1389K, committed 1408K, reserved 1048576K
}
Event: 1403.692 GC heap before
{Heap before GC invocations=13 (full 0):
 def new generation   total 2432K, used 2191K [0x00000000f8000000, 0x00000000f82a0000, 0x00000000faaa0000)
  eden space 2176K, 100% used [0x00000000f8000000, 0x00000000f8220000, 0x00000000f8220000)
  from space 256K,   5% used [0x00000000f8260000, 0x00000000f8263cf8, 0x00000000f82a0000)
  to   space 256K,   0% used [0x00000000f8220000, 0x00000000f8220000, 0x00000000f8260000)
 tenured generation   total 5504K, used 2493K [0x00000000faaa0000, 0x00000000fb000000, 0x0000000100000000)
   the space 5504K,  45% used [0x00000000faaa0000, 0x00000000fad0f4d8, 0x00000000fad0f600, 0x00000000fb000000)
 Metaspace       used 10384K, capacity 10880K, committed 11136K, reserved 1058816K
  class space    used 1142K, capacity 1389K, committed 1408K, reserved 1048576K
}
Event: 1403.692 GC heap after
{Heap after GC invocations=14 (full 0):
 def new generation   total 2432K, used 19K [0x00000000f8000000, 0x00000000f82a0000, 0x00000000faaa0000)
  eden space 2176K,   0% used [0x00000000f8000000, 0x00000000f8000000, 0x00000000f8220000)
  from space 256K,   7% used [0x00000000f8220000, 0x00000000f8224ed0, 0x00000000f8260000)
  to   space 256K,   0% used [0x00000000f8260000, 0x00000000f8260000, 0x00000000f82a0000)
 tenured generation   total 5504K, used 2493K [0x00000000faaa0000, 0x00000000fb000000, 0x0000000100000000)
   the space 5504K,  45% used [0x00000000faaa0000, 0x00000000fad0f4d8, 0x00000000fad0f600, 0x00000000fb000000)
 Metaspace       used 10384K, capacity 10880K, committed 11136K, reserved 1058816K
  class space    used 1142K, capacity 1389K, committed 1408K, reserved 1048576K
}
Event: 1563.860 GC heap before
{Heap before GC invocations=14 (full 0):
 def new generation   total 2432K, used 2195K [0x00000000f8000000, 0x00000000f82a0000, 0x00000000faaa0000)
  eden space 2176K,  99% used [0x00000000f8000000, 0x00000000f821fff0, 0x00000000f8220000)
  from space 256K,   7% used [0x00000000f8220000, 0x00000000f8224ed0, 0x00000000f8260000)
  to   space 256K,   0% used [0x00000000f8260000, 0x00000000f8260000, 0x00000000f82a0000)
 tenured generation   total 5504K, used 2493K [0x00000000faaa0000, 0x00000000fb000000, 0x0000000100000000)
   the space 5504K,  45% used [0x00000000faaa0000, 0x00000000fad0f4d8, 0x00000000fad0f600, 0x00000000fb000000)
 Metaspace       used 10396K, capacity 10880K, committed 11136K, reserved 1058816K
  class space    used 1142K, capacity 1389K, committed 1408K, reserved 1048576K
}
Event: 1563.862 GC heap after
{Heap after GC invocations=15 (full 0):
 def new generation   total 2432K, used 18K [0x00000000f8000000, 0x00000000f82a0000, 0x00000000faaa0000)
  eden space 2176K,   0% used [0x00000000f8000000, 0x00000000f8000000, 0x00000000f8220000)
  from space 256K,   7% used [0x00000000f8260000, 0x00000000f8264a48, 0x00000000f82a0000)
  to   space 256K,   0% used [0x00000000f8220000, 0x00000000f8220000, 0x00000000f8260000)
 tenured generation   total 5504K, used 2493K [0x00000000faaa0000, 0x00000000fb000000, 0x0000000100000000)
   the space 5504K,  45% used [0x00000000faaa0000, 0x00000000fad0f4d8, 0x00000000fad0f600, 0x00000000fb000000)
 Metaspace       used 10396K, capacity 10880K, committed 11136K, reserved 1058816K
  class space    used 1142K, capacity 1389K, committed 1408K, reserved 1048576K
}

